#
# A fatal error has been detected by the Java Runtime Environment:
#
#  EXCEPTION_ACCESS_VIOLATION (0xc0000005) at pc=0x000000005d11db12, pid=8632, tid=10664
#
# JRE version: Java(TM) SE Runtime Environment (8.0_77-b03) (build 1.8.0_77-b03)
# Java VM: Java HotSpot(TM) 64-Bit Server VM (25.77-b03 mixed mode windows-amd64 compressed oops)
# Problematic frame:
# V  [jvm.dll+0x10db12]
#
# Failed to write core dump. Minidumps are not enabled by default on client versions of Windows
#
# If you would like to submit a bug report, please visit:
#   http://bugreport.java.com/bugreport/crash.jsp
#

---------------  T H R E A D  ---------------

Current thread (0x000000005b40f800):  JavaThread "Daemon worker Thread 5" [_thread_in_vm, id=10664, stack(0x000000005c950000,0x000000005ca50000)]

siginfo: ExceptionCode=0xc0000005, reading address 0xffffffffffffffff

Registers:
RAX=0x3ce8da093ce8da09, RBX=0x0000000016342d01, RCX=0x000000006469f520, RDX=0x0000000000000011
RSP=0x000000005ca4b4d8, RBP=0x000000006469d138, RSI=0x0000000000000024, RDI=0x00000000024a0c20
R8 =0x0000000000000023, R9 =0x0000000000000000, R10=0x000000005d6089a8, R11=0x0000000016342dc0
R12=0x00000000024a26e0, R13=0x0000000016342dc0, R14=0x00000000024a0c20, R15=0x00000000024a26e0
RIP=0x000000005d11db12, EFLAGS=0x0000000000010207

Top of Stack: (sp=0x000000005ca4b4d8)
0x000000005ca4b4d8:   000000005b40f800 00000000024a26e0
0x000000005ca4b4e8:   000000005d0cc6ee 0000000016342dc0
0x000000005ca4b4f8:   00000000024a0c20 00000000024a26e0
0x000000005ca4b508:   000000005ca4b8a0 0000000000000000
0x000000005ca4b518:   000000005d0cd2d3 0000000016342dc0
0x000000005ca4b528:   0000000016342dc0 0000000000000000
0x000000005ca4b538:   000000005ca4b8a0 000000005b40f801
0x000000005ca4b548:   000000005ca4b500 000000005b40f800
0x000000005ca4b558:   000000005b40f800 00000000ffffffff
0x000000005ca4b568:   000000005d210d75 00000000024a0c20
0x000000005ca4b578:   000000005ca4b5d0 0000000061599440
0x000000005ca4b588:   000000005ca4b5e0 000000005bf949a8
0x000000005ca4b598:   000000005b40f800 00000000ffffffff
0x000000005ca4b5a8:   000000005d21150b 000000005ca4b630
0x000000005ca4b5b8:   00000000ffffffff 000000005ca4b640
0x000000005ca4b5c8:   00000000ffffffff 000000005bf949a8 

Instructions: (pc=0x000000005d11db12)
0x000000005d11daf2:   33 c9 44 8d 46 ff 45 85 c0 78 44 0f 1f 00 43 8d
0x000000005d11db02:   14 08 d1 fa 48 63 c2 48 8b 4c c5 08 48 8b 41 08
0x000000005d11db12:   0f b7 48 20 48 8b 40 08 4c 8b 54 c8 50 4c 3b d7
0x000000005d11db22:   72 14 33 c0 4c 3b d7 0f 95 c0 85 c0 74 40 78 06 


Register to memory mapping:

RAX=0x3ce8da093ce8da09 is an unknown value
RBX=0x0000000016342d01 is pointing into metadata
RCX=0x000000006469f520 is pointing into metadata
RDX=0x0000000000000011 is an unknown value
RSP=0x000000005ca4b4d8 is pointing into the stack for thread: 0x000000005b40f800
RBP=0x000000006469d138 is pointing into metadata
RSI=0x0000000000000024 is an unknown value
RDI=0x00000000024a0c20 is an unknown value
R8 =0x0000000000000023 is an unknown value
R9 =0x0000000000000000 is an unknown value
R10=0x000000005d6089a8 is an unknown value
R11=0x0000000016342dc0 is pointing into metadata
R12=0x00000000024a26e0 is an unknown value
R13=0x0000000016342dc0 is pointing into metadata
R14=0x00000000024a0c20 is an unknown value
R15=0x00000000024a26e0 is an unknown value


Stack: [0x000000005c950000,0x000000005ca50000],  sp=0x000000005ca4b4d8,  free space=1005k
Native frames: (J=compiled Java code, j=interpreted, Vv=VM code, C=native code)
V  [jvm.dll+0x10db12]
V  [jvm.dll+0xbc6ee]
V  [jvm.dll+0xbd2d3]
V  [jvm.dll+0xbe571]
V  [jvm.dll+0xc1c1d]
V  [jvm.dll+0xc27f9]
V  [jvm.dll+0xc2f68]
V  [jvm.dll+0xbb466]
C  0x0000000002721e0c

Java frames: (J=compiled Java code, j=interpreted, Vv=VM code)
j  com.sun.imageio.plugins.png.PNGImageReader.<init>(Ljavax/imageio/spi/ImageReaderSpi;)V+86
j  com.sun.imageio.plugins.png.PNGImageReaderSpi.createReaderInstance(Ljava/lang/Object;)Ljavax/imageio/ImageReader;+5
j  javax.imageio.spi.ImageReaderSpi.createReaderInstance()Ljavax/imageio/ImageReader;+2
j  javax.imageio.ImageIO$ImageReaderIterator.next()Ljavax/imageio/ImageReader;+16
j  javax.imageio.ImageIO$ImageReaderIterator.next()Ljava/lang/Object;+1
j  com.android.tools.lint.checks.IconDetector.checkExtension(Lcom/android/tools/lint/detector/api/Context;Ljava/io/File;)V+114
j  com.android.tools.lint.checks.IconDetector.checkDrawableDir(Lcom/android/tools/lint/detector/api/Context;Ljava/io/File;[Ljava/io/File;Ljava/util/Map;Ljava/util/Map;)V+302
j  com.android.tools.lint.checks.IconDetector.checkResourceFolder(Lcom/android/tools/lint/detector/api/Context;Lcom/android/tools/lint/detector/api/Project;)V+281
j  com.android.tools.lint.checks.IconDetector.afterCheckProject(Lcom/android/tools/lint/detector/api/Context;)V+6
j  com.android.tools.lint.client.api.LintDriver.checkProject(Lcom/android/tools/lint/detector/api/Project;Lcom/android/tools/lint/detector/api/Project;)V+462
j  com.android.tools.lint.client.api.LintDriver.analyze()V+372
j  com.android.tools.lint.client.api.LintDriver.analyze(Lcom/android/tools/lint/client/api/LintRequest;)V+6
j  com.android.tools.lint.LintCliClient.run(Lcom/android/tools/lint/client/api/IssueRegistry;Ljava/util/List;)I+152
j  com.android.build.gradle.internal.LintGradleClient.run(Lcom/android/tools/lint/client/api/IssueRegistry;)Lcom/android/utils/Pair;+5
j  com.android.build.gradle.tasks.Lint.runLint(Lcom/android/builder/model/AndroidProject;Lcom/android/builder/model/Variant;Z)Lcom/android/utils/Pair;+138
j  com.android.build.gradle.tasks.Lint.lintAllVariants(Lcom/android/builder/model/AndroidProject;)V+52
j  com.android.build.gradle.tasks.Lint.lint()V+87
v  ~StubRoutines::call_stub
J 1975  sun.reflect.NativeMethodAccessorImpl.invoke0(Ljava/lang/reflect/Method;Ljava/lang/Object;[Ljava/lang/Object;)Ljava/lang/Object; (0 bytes) @ 0x0000000002e43ebf [0x0000000002e43e40+0x7f]
J 13900 C2 sun.reflect.NativeMethodAccessorImpl.invoke(Ljava/lang/Object;[Ljava/lang/Object;)Ljava/lang/Object; (104 bytes) @ 0x0000000004d4a4c0 [0x0000000004d4a460+0x60]
J 18134 C2 org.gradle.internal.reflect.JavaMethod.invoke(Ljava/lang/Object;[Ljava/lang/Object;)Ljava/lang/Object; (74 bytes) @ 0x0000000005770aa0 [0x0000000005770a20+0x80]
j  org.gradle.api.internal.project.taskfactory.DefaultTaskClassInfoStore$StandardTaskAction.doExecute(Lorg/gradle/api/Task;Ljava/lang/String;)V+17
j  org.gradle.api.internal.project.taskfactory.DefaultTaskClassInfoStore$StandardTaskAction.execute(Lorg/gradle/api/Task;)V+32
j  org.gradle.api.internal.project.taskfactory.DefaultTaskClassInfoStore$StandardTaskAction.execute(Ljava/lang/Object;)V+5
J 13183 C1 org.gradle.api.internal.AbstractTask$TaskActionWrapper.execute(Lorg/gradle/api/Task;)V (54 bytes) @ 0x0000000004ada76c [0x0000000004ad9200+0x156c]
J 13182 C1 org.gradle.api.internal.AbstractTask$TaskActionWrapper.execute(Ljava/lang/Object;)V (9 bytes) @ 0x0000000004ad0344 [0x0000000004ad01c0+0x184]
J 13129 C1 org.gradle.api.internal.tasks.execution.ExecuteActionsTaskExecuter.executeAction(Lorg/gradle/api/internal/TaskInternal;Lorg/gradle/api/internal/tasks/ContextAwareTaskAction;Lorg/gradle/api/internal/tasks/TaskExecutionContext;)V (37 bytes) @ 0x0000000004aaf814 [0x0000000004aaf660+0x1b4]
j  org.gradle.api.internal.tasks.execution.ExecuteActionsTaskExecuter.executeActions(Lorg/gradle/api/internal/TaskInternal;Lorg/gradle/api/internal/tasks/TaskStateInternal;Lorg/gradle/api/internal/tasks/TaskExecutionContext;)Lorg/gradle/api/GradleException;+79
j  org.gradle.api.internal.tasks.execution.ExecuteActionsTaskExecuter.execute(Lorg/gradle/api/internal/TaskInternal;Lorg/gradle/api/internal/tasks/TaskStateInternal;Lorg/gradle/api/internal/tasks/TaskExecutionContext;)V+42
j  org.gradle.api.internal.tasks.execution.SkipUpToDateTaskExecuter.execute(Lorg/gradle/api/internal/TaskInternal;Lorg/gradle/api/internal/tasks/TaskStateInternal;Lorg/gradle/api/internal/tasks/TaskExecutionContext;)V+139
j  org.gradle.api.internal.tasks.execution.ValidatingTaskExecuter.execute(Lorg/gradle/api/internal/TaskInternal;Lorg/gradle/api/internal/tasks/TaskStateInternal;Lorg/gradle/api/internal/tasks/TaskExecutionContext;)V+215
j  org.gradle.api.internal.tasks.execution.SkipEmptySourceFilesTaskExecuter.execute(Lorg/gradle/api/internal/TaskInternal;Lorg/gradle/api/internal/tasks/TaskStateInternal;Lorg/gradle/api/internal/tasks/TaskExecutionContext;)V+335
j  org.gradle.api.internal.tasks.execution.ResolveTaskArtifactStateTaskExecuter.execute(Lorg/gradle/api/internal/TaskInternal;Lorg/gradle/api/internal/tasks/TaskStateInternal;Lorg/gradle/api/internal/tasks/TaskExecutionContext;)V+46
j  org.gradle.api.internal.tasks.execution.SkipTaskWithNoActionsExecuter.execute(Lorg/gradle/api/internal/TaskInternal;Lorg/gradle/api/internal/tasks/TaskStateInternal;Lorg/gradle/api/internal/tasks/TaskExecutionContext;)V+119
j  org.gradle.api.internal.tasks.execution.SkipOnlyIfTaskExecuter.execute(Lorg/gradle/api/internal/TaskInternal;Lorg/gradle/api/internal/tasks/TaskStateInternal;Lorg/gradle/api/internal/tasks/TaskExecutionContext;)V+85
j  org.gradle.api.internal.tasks.execution.ExecuteAtMostOnceTaskExecuter.execute(Lorg/gradle/api/internal/TaskInternal;Lorg/gradle/api/internal/tasks/TaskStateInternal;Lorg/gradle/api/internal/tasks/TaskExecutionContext;)V+26
j  org.gradle.api.internal.tasks.execution.CatchExceptionTaskExecuter.execute(Lorg/gradle/api/internal/TaskInternal;Lorg/gradle/api/internal/tasks/TaskStateInternal;Lorg/gradle/api/internal/tasks/TaskExecutionContext;)V+7
j  org.gradle.execution.taskgraph.DefaultTaskGraphExecuter$EventFiringTaskWorker$1.execute(Lorg/gradle/internal/operations/BuildOperationContext;)V+110
j  org.gradle.execution.taskgraph.DefaultTaskGraphExecuter$EventFiringTaskWorker$1.execute(Ljava/lang/Object;)V+5
J 18186 C1 org.gradle.internal.Transformers$4.transform(Ljava/lang/Object;)Ljava/lang/Object; (12 bytes) @ 0x00000000057cbc04 [0x00000000057cbb00+0x104]
J 18170 C1 org.gradle.internal.progress.DefaultBuildOperationExecutor.run(Lorg/gradle/internal/progress/BuildOperationDetails;Lorg/gradle/api/Transformer;)Ljava/lang/Object; (477 bytes) @ 0x00000000057bd05c [0x00000000057bad20+0x233c]
J 18169 C1 org.gradle.internal.progress.DefaultBuildOperationExecutor.run(Lorg/gradle/internal/progress/BuildOperationDetails;Lorg/gradle/api/Action;)V (11 bytes) @ 0x00000000057c551c [0x00000000057c5360+0x1bc]
j  org.gradle.execution.taskgraph.DefaultTaskGraphExecuter$EventFiringTaskWorker.execute(Lorg/gradle/api/internal/TaskInternal;)V+80
j  org.gradle.execution.taskgraph.DefaultTaskGraphExecuter$EventFiringTaskWorker.execute(Ljava/lang/Object;)V+5
j  org.gradle.execution.taskgraph.AbstractTaskPlanExecutor$TaskExecutorWorker.processTask(Lorg/gradle/execution/taskgraph/TaskInfo;)V+8
j  org.gradle.execution.taskgraph.AbstractTaskPlanExecutor$TaskExecutorWorker.run()V+74
j  org.gradle.execution.taskgraph.DefaultTaskPlanExecutor.process(Lorg/gradle/execution/taskgraph/TaskExecutionPlan;Lorg/gradle/api/Action;)V+10
j  org.gradle.execution.taskgraph.DefaultTaskGraphExecuter.execute()V+61
j  org.gradle.execution.SelectedTaskExecutionAction.execute(Lorg/gradle/execution/BuildExecutionContext;)V+55
j  org.gradle.execution.DefaultBuildExecuter.execute(Lorg/gradle/api/internal/GradleInternal;I)V+37
j  org.gradle.execution.DefaultBuildExecuter.access$000(Lorg/gradle/execution/DefaultBuildExecuter;Lorg/gradle/api/internal/GradleInternal;I)V+3
j  org.gradle.execution.DefaultBuildExecuter$1.proceed()V+14
j  org.gradle.execution.DryRunBuildExecutionAction.execute(Lorg/gradle/execution/BuildExecutionContext;)V+68
j  org.gradle.execution.DefaultBuildExecuter.execute(Lorg/gradle/api/internal/GradleInternal;I)V+37
j  org.gradle.execution.DefaultBuildExecuter.execute(Lorg/gradle/api/internal/GradleInternal;)V+3
j  org.gradle.initialization.DefaultGradleLauncher$3.execute(Lorg/gradle/internal/operations/BuildOperationContext;)V+14
j  org.gradle.initialization.DefaultGradleLauncher$3.execute(Ljava/lang/Object;)V+5
j  org.gradle.internal.Transformers$4.transform(Ljava/lang/Object;)Ljava/lang/Object;+5
j  org.gradle.internal.progress.DefaultBuildOperationExecutor.run(Lorg/gradle/internal/progress/BuildOperationDetails;Lorg/gradle/api/Transformer;)Ljava/lang/Object;+276
j  org.gradle.internal.progress.DefaultBuildOperationExecutor.run(Ljava/lang/String;Lorg/gradle/api/Action;)V+12
j  org.gradle.initialization.DefaultGradleLauncher.doBuildStages(Lorg/gradle/initialization/DefaultGradleLauncher$Stage;)V+154
j  org.gradle.initialization.DefaultGradleLauncher.doBuild(Lorg/gradle/initialization/DefaultGradleLauncher$Stage;)Lorg/gradle/BuildResult;+17
j  org.gradle.initialization.DefaultGradleLauncher.run()Lorg/gradle/BuildResult;+4
j  org.gradle.launcher.exec.GradleBuildController.run()Lorg/gradle/api/internal/GradleInternal;+4
j  org.gradle.tooling.internal.provider.runner.BuildModelActionRunner.run(Lorg/gradle/internal/invocation/BuildAction;Lorg/gradle/internal/invocation/BuildController;)V+48
j  org.gradle.launcher.exec.ChainingBuildActionRunner.run(Lorg/gradle/internal/invocation/BuildAction;Lorg/gradle/internal/invocation/BuildController;)V+34
j  org.gradle.tooling.internal.provider.runner.RunAsBuildOperationBuildActionRunner$1.execute(Lorg/gradle/internal/operations/BuildOperationContext;)V+15
j  org.gradle.tooling.internal.provider.runner.RunAsBuildOperationBuildActionRunner$1.execute(Ljava/lang/Object;)V+5
j  org.gradle.internal.Transformers$4.transform(Ljava/lang/Object;)Ljava/lang/Object;+5
j  org.gradle.internal.progress.DefaultBuildOperationExecutor.run(Lorg/gradle/internal/progress/BuildOperationDetails;Lorg/gradle/api/Transformer;)Ljava/lang/Object;+276
j  org.gradle.internal.progress.DefaultBuildOperationExecutor.run(Ljava/lang/String;Lorg/gradle/api/Action;)V+12
j  org.gradle.tooling.internal.provider.runner.RunAsBuildOperationBuildActionRunner.run(Lorg/gradle/internal/invocation/BuildAction;Lorg/gradle/internal/invocation/BuildController;)V+16
j  org.gradle.tooling.internal.provider.runner.SubscribableBuildActionRunner.run(Lorg/gradle/internal/invocation/BuildAction;Lorg/gradle/internal/invocation/BuildController;)V+38
j  org.gradle.launcher.exec.ChainingBuildActionRunner.run(Lorg/gradle/internal/invocation/BuildAction;Lorg/gradle/internal/invocation/BuildController;)V+34
j  org.gradle.launcher.exec.InProcessBuildActionExecuter.execute(Lorg/gradle/internal/invocation/BuildAction;Lorg/gradle/initialization/BuildRequestContext;Lorg/gradle/launcher/exec/BuildActionParameters;Lorg/gradle/internal/service/ServiceRegistry;)Ljava/lang/Object;+64
j  org.gradle.launcher.exec.InProcessBuildActionExecuter.execute(Lorg/gradle/internal/invocation/BuildAction;Lorg/gradle/initialization/BuildRequestContext;Ljava/lang/Object;Lorg/gradle/internal/service/ServiceRegistry;)Ljava/lang/Object;+9
j  org.gradle.tooling.internal.provider.ContinuousBuildActionExecuter.execute(Lorg/gradle/internal/invocation/BuildAction;Lorg/gradle/initialization/BuildRequestContext;Lorg/gradle/launcher/exec/BuildActionParameters;Lorg/gradle/internal/service/ServiceRegistry;)Ljava/lang/Object;+28
j  org.gradle.tooling.internal.provider.ContinuousBuildActionExecuter.execute(Lorg/gradle/internal/invocation/BuildAction;Lorg/gradle/initialization/BuildRequestContext;Ljava/lang/Object;Lorg/gradle/internal/service/ServiceRegistry;)Ljava/lang/Object;+9
j  org.gradle.tooling.internal.provider.ServicesSetupBuildActionExecuter.execute(Lorg/gradle/internal/invocation/BuildAction;Lorg/gradle/initialization/BuildRequestContext;Lorg/gradle/launcher/exec/BuildActionParameters;Lorg/gradle/internal/service/ServiceRegistry;)Ljava/lang/Object;+52
j  org.gradle.tooling.internal.provider.ServicesSetupBuildActionExecuter.execute(Lorg/gradle/internal/invocation/BuildAction;Lorg/gradle/initialization/BuildRequestContext;Ljava/lang/Object;Lorg/gradle/internal/service/ServiceRegistry;)Ljava/lang/Object;+9
j  org.gradle.launcher.daemon.server.exec.ExecuteBuild.doBuild(Lorg/gradle/launcher/daemon/server/api/DaemonCommandExecution;Lorg/gradle/launcher/daemon/protocol/Build;)V+114
j  org.gradle.launcher.daemon.server.exec.BuildCommandOnly.execute(Lorg/gradle/launcher/daemon/server/api/DaemonCommandExecution;)V+49
j  org.gradle.launcher.daemon.server.api.DaemonCommandExecution.proceed()Z+28
j  org.gradle.launcher.daemon.server.exec.WatchForDisconnection.execute(Lorg/gradle/launcher/daemon/server/api/DaemonCommandExecution;)V+19
j  org.gradle.launcher.daemon.server.api.DaemonCommandExecution.proceed()Z+28
j  org.gradle.launcher.daemon.server.exec.ResetDeprecationLogger.execute(Lorg/gradle/launcher/daemon/server/api/DaemonCommandExecution;)V+4
j  org.gradle.launcher.daemon.server.api.DaemonCommandExecution.proceed()Z+28
j  org.gradle.launcher.daemon.server.exec.RequestStopIfSingleUsedDaemon.execute(Lorg/gradle/launcher/daemon/server/api/DaemonCommandExecution;)V+33
j  org.gradle.launcher.daemon.server.api.DaemonCommandExecution.proceed()Z+28
j  org.gradle.launcher.daemon.server.exec.ForwardClientInput$2.call()Ljava/lang/Void;+4
j  org.gradle.launcher.daemon.server.exec.ForwardClientInput$2.call()Ljava/lang/Object;+1
j  org.gradle.util.Swapper.swap(Ljava/lang/Object;Ljava/util/concurrent/Callable;)Ljava/lang/Object;+21
j  org.gradle.launcher.daemon.server.exec.ForwardClientInput.execute(Lorg/gradle/launcher/daemon/server/api/DaemonCommandExecution;)V+63
j  org.gradle.launcher.daemon.server.api.DaemonCommandExecution.proceed()Z+28
j  org.gradle.launcher.daemon.server.exec.LogAndCheckHealth.execute(Lorg/gradle/launcher/daemon/server/api/DaemonCommandExecution;)V+28
j  org.gradle.launcher.daemon.server.api.DaemonCommandExecution.proceed()Z+28
j  org.gradle.launcher.daemon.server.exec.LogToClient.doBuild(Lorg/gradle/launcher/daemon/server/api/DaemonCommandExecution;Lorg/gradle/launcher/daemon/protocol/Build;)V+87
j  org.gradle.launcher.daemon.server.exec.BuildCommandOnly.execute(Lorg/gradle/launcher/daemon/server/api/DaemonCommandExecution;)V+49
j  org.gradle.launcher.daemon.server.api.DaemonCommandExecution.proceed()Z+28
j  org.gradle.launcher.daemon.server.exec.EstablishBuildEnvironment.doBuild(Lorg/gradle/launcher/daemon/server/api/DaemonCommandExecution;Lorg/gradle/launcher/daemon/protocol/Build;)V+279
j  org.gradle.launcher.daemon.server.exec.BuildCommandOnly.execute(Lorg/gradle/launcher/daemon/server/api/DaemonCommandExecution;)V+49
j  org.gradle.launcher.daemon.server.api.DaemonCommandExecution.proceed()Z+28
j  org.gradle.launcher.daemon.server.exec.StartBuildOrRespondWithBusy$1.run()V+44
j  org.gradle.launcher.daemon.server.DaemonStateCoordinator$1.run()V+4
J 8034 C1 org.gradle.internal.concurrent.ExecutorPolicy$CatchAndRecordFailures.onExecute(Ljava/lang/Runnable;)V (29 bytes) @ 0x0000000003e67194 [0x0000000003e67080+0x114]
j  org.gradle.internal.concurrent.StoppableExecutorImpl$1.run()V+25
j  java.util.concurrent.ThreadPoolExecutor.runWorker(Ljava/util/concurrent/ThreadPoolExecutor$Worker;)V+95
j  java.util.concurrent.ThreadPoolExecutor$Worker.run()V+5
j  java.lang.Thread.run()V+11
v  ~StubRoutines::call_stub

---------------  P R O C E S S  ---------------

Java Threads: ( => current thread )
  0x000000005f6d2800 JavaThread "pool-82-thread-4" [_thread_blocked, id=11436, stack(0x0000000065a70000,0x0000000065b70000)]
  0x000000005f6d1800 JavaThread "pool-82-thread-3" [_thread_blocked, id=11536, stack(0x000000005a9c0000,0x000000005aac0000)]
  0x000000005ed8d000 JavaThread "pool-82-thread-2" [_thread_blocked, id=11456, stack(0x0000000065900000,0x0000000065a00000)]
  0x000000005ed8e800 JavaThread "pool-82-thread-1" [_thread_blocked, id=11468, stack(0x00000000657c0000,0x00000000658c0000)]
  0x000000005ed8e000 JavaThread "Cache update executor" [_thread_blocked, id=11304, stack(0x000000005abe0000,0x000000005ace0000)]
  0x000000005b40c800 JavaThread "Stdin handler" [_thread_blocked, id=11104, stack(0x00000000649a0000,0x0000000064aa0000)]
  0x000000005b40b000 JavaThread "Asynchronous log dispatcher for DefaultDaemonConnection: socket connection from /127.0.0.1:4882 to /127.0.0.1:9127" [_thread_blocked, id=11796, stack(0x0000000058160000,0x0000000058260000)]
  0x000000005b40e800 JavaThread "Cancel handler" [_thread_blocked, id=9052, stack(0x000000005aae0000,0x000000005abe0000)]
  0x000000005b40e000 JavaThread "Handler for socket connection from /127.0.0.1:4882 to /127.0.0.1:9127" [_thread_in_native, id=11296, stack(0x000000005a890000,0x000000005a990000)]
=>0x000000005b40f800 JavaThread "Daemon worker Thread 5" [_thread_in_vm, id=10664, stack(0x000000005c950000,0x000000005ca50000)]
  0x000000005b40d000 JavaThread "Daemon Thread 5" [_thread_blocked, id=9260, stack(0x000000005a740000,0x000000005a840000)]
  0x000000005ed8c800 JavaThread "pool-19-thread-4" [_thread_blocked, id=8016, stack(0x0000000065f30000,0x0000000066030000)]
  0x000000005ed8b800 JavaThread "pool-19-thread-3" [_thread_blocked, id=10464, stack(0x000000005a270000,0x000000005a370000)]
  0x000000005ed8b000 JavaThread "pool-19-thread-2" [_thread_blocked, id=11004, stack(0x0000000065d70000,0x0000000065e70000)]
  0x000000005ed8a000 JavaThread "pool-19-thread-1" [_thread_blocked, id=10244, stack(0x0000000065bf0000,0x0000000065cf0000)]
  0x000000005e7a9000 JavaThread "Java2D Disposer" daemon [_thread_blocked, id=8236, stack(0x0000000064e50000,0x0000000064f50000)]
  0x000000005b40b800 JavaThread "pool-2-thread-1" [_thread_blocked, id=8856, stack(0x000000005cec0000,0x000000005cfc0000)]
  0x000000005b40a000 JavaThread "File lock request listener" [_thread_in_native, id=8776, stack(0x000000005c140000,0x000000005c240000)]
  0x00000000593da000 JavaThread "Incoming local TCP Connector on port 4882" [_thread_in_native, id=8740, stack(0x000000005a3a0000,0x000000005a4a0000)]
  0x00000000595a1800 JavaThread "pool-1-thread-1" [_thread_blocked, id=8736, stack(0x0000000059df0000,0x0000000059ef0000)]
  0x00000000579ea800 JavaThread "Service Thread" daemon [_thread_blocked, id=8712, stack(0x0000000058520000,0x0000000058620000)]
  0x000000005796e000 JavaThread "C1 CompilerThread2" daemon [_thread_blocked, id=8708, stack(0x0000000058320000,0x0000000058420000)]
  0x000000005796c800 JavaThread "C2 CompilerThread1" daemon [_thread_in_native, id=8704, stack(0x0000000058060000,0x0000000058160000)]
  0x0000000057967000 JavaThread "C2 CompilerThread0" daemon [_thread_in_native, id=8700, stack(0x0000000057f60000,0x0000000058060000)]
  0x0000000057961800 JavaThread "Attach Listener" daemon [_thread_blocked, id=8696, stack(0x00000000576a0000,0x00000000577a0000)]
  0x0000000057960800 JavaThread "Signal Dispatcher" daemon [_thread_blocked, id=8692, stack(0x0000000057e20000,0x0000000057f20000)]
  0x000000005645e000 JavaThread "Finalizer" daemon [_thread_blocked, id=8688, stack(0x0000000057850000,0x0000000057950000)]
  0x0000000056413000 JavaThread "Reference Handler" daemon [_thread_blocked, id=8684, stack(0x00000000575a0000,0x00000000576a0000)]
  0x0000000002458000 JavaThread "main" [_thread_blocked, id=8660, stack(0x0000000002600000,0x0000000002700000)]

Other Threads:
  0x000000005640d800 VMThread [stack: 0x00000000573a0000,0x00000000574a0000] [id=8680]
  0x0000000057a2c000 WatcherThread [stack: 0x0000000058420000,0x0000000058520000] [id=8716]

VM state:not at safepoint (normal execution)

VM Mutex/Monitor currently owned by a thread: None

Heap:
 PSYoungGen      total 484864K, used 35032K [0x00000000e0000000, 0x00000000ffd80000, 0x0000000100000000)
  eden space 450048K, 5% used [0x00000000e0000000,0x00000000e188c510,0x00000000fb780000)
  from space 34816K, 28% used [0x00000000fdb80000,0x00000000fe529e30,0x00000000ffd80000)
  to   space 35840K, 0% used [0x00000000fb780000,0x00000000fb780000,0x00000000fda80000)
 ParOldGen       total 148480K, used 66418K [0x00000000a0000000, 0x00000000a9100000, 0x00000000e0000000)
  object space 148480K, 44% used [0x00000000a0000000,0x00000000a40dca60,0x00000000a9100000)
 Metaspace       used 90635K, capacity 93882K, committed 94168K, reserved 1132544K
  class space    used 11048K, capacity 11571K, committed 11736K, reserved 1048576K

Card table byte_map: [0x0000000011ac0000,0x0000000011dd0000] byte_map_base: 0x00000000115c0000

Marking Bits: (ParMarkBitMap*) 0x000000005d820600
 Begin Bits: [0x0000000012780000, 0x0000000013f80000)
 End Bits:   [0x0000000013f80000, 0x0000000015780000)

Polling page: 0x0000000000430000

CodeCache: size=245760Kb used=63479Kb max_used=63887Kb free=182280Kb
 bounds [0x0000000002700000, 0x00000000065f0000, 0x0000000011700000]
 total_blobs=18867 nmethods=17935 adapters=841
 compilation: enabled

Compilation events (10 events):
Event: 4237.339 Thread 0x000000005796e000 22865       2       com.android.tools.lint.checks.ResourceUsageModel$Resource::isDeclared (15 bytes)
Event: 4237.339 Thread 0x000000005796e000 nmethod 22865 0x00000000055b5990 code [0x00000000055b5ae0, 0x00000000055b5c50]
Event: 4237.340 Thread 0x000000005796e000 22866       1       com.android.build.gradle.internal.ide.AndroidLibraryImpl::getLibraryDependencies (5 bytes)
Event: 4237.340 Thread 0x000000005796e000 nmethod 22866 0x00000000055b56d0 code [0x00000000055b5820, 0x00000000055b5930]
Event: 4237.345 Thread 0x000000005796e000 22867       1       com.android.tools.lint.checks.DuplicateIdDetector::access$100 (5 bytes)
Event: 4237.345 Thread 0x000000005796e000 nmethod 22867 0x00000000055b5410 code [0x00000000055b5560, 0x00000000055b5650]
Event: 4237.345 Thread 0x000000005796e000 22868       2       com.google.common.collect.ArrayListMultimap::create (10 bytes)
Event: 4237.346 Thread 0x000000005796e000 nmethod 22868 0x00000000055b4c10 code [0x00000000055b4dc0, 0x00000000055b5138]
Event: 4237.346 Thread 0x000000005796e000 22869       2       com.google.common.collect.ArrayListMultimap::<init> (21 bytes)
Event: 4237.347 Thread 0x000000005796e000 nmethod 22869 0x00000000055b4410 code [0x00000000055b45c0, 0x00000000055b4958]

GC Heap History (10 events):
Event: 4223.794 GC heap before
{Heap before GC invocations=39 (full 7):
 PSYoungGen      total 391168K, used 365592K [0x00000000e0000000, 0x00000000fed00000, 0x0000000100000000)
  eden space 350720K, 100% used [0x00000000e0000000,0x00000000f5680000,0x00000000f5680000)
  from space 40448K, 36% used [0x00000000f5680000,0x00000000f6506078,0x00000000f7e00000)
  to   space 39424K, 0% used [0x00000000fc680000,0x00000000fc680000,0x00000000fed00000)
 ParOldGen       total 148480K, used 46769K [0x00000000a0000000, 0x00000000a9100000, 0x00000000e0000000)
  object space 148480K, 31% used [0x00000000a0000000,0x00000000a2dac430,0x00000000a9100000)
 Metaspace       used 88824K, capacity 92086K, committed 92632K, reserved 1130496K
  class space    used 10968K, capacity 11512K, committed 11736K, reserved 1048576K
Event: 4223.857 GC heap after
Heap after GC invocations=39 (full 7):
 PSYoungGen      total 453120K, used 26014K [0x00000000e0000000, 0x00000000fe780000, 0x0000000100000000)
  eden space 419328K, 0% used [0x00000000e0000000,0x00000000e0000000,0x00000000f9980000)
  from space 33792K, 76% used [0x00000000fc680000,0x00000000fdfe7ae8,0x00000000fe780000)
  to   space 39936K, 0% used [0x00000000f9980000,0x00000000f9980000,0x00000000fc080000)
 ParOldGen       total 148480K, used 51469K [0x00000000a0000000, 0x00000000a9100000, 0x00000000e0000000)
  object space 148480K, 34% used [0x00000000a0000000,0x00000000a3243620,0x00000000a9100000)
 Metaspace       used 88824K, capacity 92086K, committed 92632K, reserved 1130496K
  class space    used 10968K, capacity 11512K, committed 11736K, reserved 1048576K
}
Event: 4228.270 GC heap before
{Heap before GC invocations=40 (full 7):
 PSYoungGen      total 453120K, used 443641K [0x00000000e0000000, 0x00000000fe780000, 0x0000000100000000)
  eden space 419328K, 99% used [0x00000000e0000000,0x00000000f97d6bc8,0x00000000f9980000)
  from space 33792K, 76% used [0x00000000fc680000,0x00000000fdfe7ae8,0x00000000fe780000)
  to   space 39936K, 0% used [0x00000000f9980000,0x00000000f9980000,0x00000000fc080000)
 ParOldGen       total 148480K, used 51469K [0x00000000a0000000, 0x00000000a9100000, 0x00000000e0000000)
  object space 148480K, 34% used [0x00000000a0000000,0x00000000a3243620,0x00000000a9100000)
 Metaspace       used 89067K, capacity 92380K, committed 92888K, reserved 1130496K
  class space    used 10978K, capacity 11519K, committed 11736K, reserved 1048576K
Event: 4228.324 GC heap after
Heap after GC invocations=40 (full 7):
 PSYoungGen      total 459264K, used 13654K [0x00000000e0000000, 0x0000000100000000, 0x0000000100000000)
  eden space 419328K, 0% used [0x00000000e0000000,0x00000000e0000000,0x00000000f9980000)
  from space 39936K, 34% used [0x00000000f9980000,0x00000000fa6d5bd8,0x00000000fc080000)
  to   space 38912K, 0% used [0x00000000fda00000,0x00000000fda00000,0x0000000100000000)
 ParOldGen       total 148480K, used 57203K [0x00000000a0000000, 0x00000000a9100000, 0x00000000e0000000)
  object space 148480K, 38% used [0x00000000a0000000,0x00000000a37dcff0,0x00000000a9100000)
 Metaspace       used 89067K, capacity 92380K, committed 92888K, reserved 1130496K
  class space    used 10978K, capacity 11519K, committed 11736K, reserved 1048576K
}
Event: 4229.464 GC heap before
{Heap before GC invocations=41 (full 7):
 PSYoungGen      total 459264K, used 432973K [0x00000000e0000000, 0x0000000100000000, 0x0000000100000000)
  eden space 419328K, 99% used [0x00000000e0000000,0x00000000f997dbe0,0x00000000f9980000)
  from space 39936K, 34% used [0x00000000f9980000,0x00000000fa6d5bd8,0x00000000fc080000)
  to   space 38912K, 0% used [0x00000000fda00000,0x00000000fda00000,0x0000000100000000)
 ParOldGen       total 148480K, used 57203K [0x00000000a0000000, 0x00000000a9100000, 0x00000000e0000000)
  object space 148480K, 38% used [0x00000000a0000000,0x00000000a37dcff0,0x00000000a9100000)
 Metaspace       used 89078K, capacity 92380K, committed 92888K, reserved 1130496K
  class space    used 10978K, capacity 11519K, committed 11736K, reserved 1048576K
Event: 4229.759 GC heap after
Heap after GC invocations=41 (full 7):
 PSYoungGen      total 481280K, used 14192K [0x00000000e0000000, 0x00000000ffd00000, 0x0000000100000000)
  eden space 445440K, 0% used [0x00000000e0000000,0x00000000e0000000,0x00000000fb300000)
  from space 35840K, 39% used [0x00000000fda00000,0x00000000fe7dc3f8,0x00000000ffd00000)
  to   space 37888K, 0% used [0x00000000fb300000,0x00000000fb300000,0x00000000fd800000)
 ParOldGen       total 148480K, used 60160K [0x00000000a0000000, 0x00000000a9100000, 0x00000000e0000000)
  object space 148480K, 40% used [0x00000000a0000000,0x00000000a3ac0368,0x00000000a9100000)
 Metaspace       used 89078K, capacity 92380K, committed 92888K, reserved 1130496K
  class space    used 10978K, capacity 11519K, committed 11736K, reserved 1048576K
}
Event: 4232.014 GC heap before
{Heap before GC invocations=42 (full 7):
 PSYoungGen      total 481280K, used 459632K [0x00000000e0000000, 0x00000000ffd00000, 0x0000000100000000)
  eden space 445440K, 100% used [0x00000000e0000000,0x00000000fb300000,0x00000000fb300000)
  from space 35840K, 39% used [0x00000000fda00000,0x00000000fe7dc3f8,0x00000000ffd00000)
  to   space 37888K, 0% used [0x00000000fb300000,0x00000000fb300000,0x00000000fd800000)
 ParOldGen       total 148480K, used 60160K [0x00000000a0000000, 0x00000000a9100000, 0x00000000e0000000)
  object space 148480K, 40% used [0x00000000a0000000,0x00000000a3ac0368,0x00000000a9100000)
 Metaspace       used 89188K, capacity 92444K, committed 92888K, reserved 1130496K
  class space    used 10982K, capacity 11519K, committed 11736K, reserved 1048576K
Event: 4232.075 GC heap after
Heap after GC invocations=42 (full 7):
 PSYoungGen      total 483328K, used 15779K [0x00000000e0000000, 0x00000000fff00000, 0x0000000100000000)
  eden space 445440K, 0% used [0x00000000e0000000,0x00000000e0000000,0x00000000fb300000)
  from space 37888K, 41% used [0x00000000fb300000,0x00000000fc268c58,0x00000000fd800000)
  to   space 36352K, 0% used [0x00000000fdb80000,0x00000000fdb80000,0x00000000fff00000)
 ParOldGen       total 148480K, used 66010K [0x00000000a0000000, 0x00000000a9100000, 0x00000000e0000000)
  object space 148480K, 44% used [0x00000000a0000000,0x00000000a4076a60,0x00000000a9100000)
 Metaspace       used 89188K, capacity 92444K, committed 92888K, reserved 1130496K
  class space    used 10982K, capacity 11519K, committed 11736K, reserved 1048576K
}
Event: 4237.107 GC heap before
{Heap before GC invocations=43 (full 7):
 PSYoungGen      total 483328K, used 461219K [0x00000000e0000000, 0x00000000fff00000, 0x0000000100000000)
  eden space 445440K, 100% used [0x00000000e0000000,0x00000000fb300000,0x00000000fb300000)
  from space 37888K, 41% used [0x00000000fb300000,0x00000000fc268c58,0x00000000fd800000)
  to   space 36352K, 0% used [0x00000000fdb80000,0x00000000fdb80000,0x00000000fff00000)
 ParOldGen       total 148480K, used 66010K [0x00000000a0000000, 0x00000000a9100000, 0x00000000e0000000)
  object space 148480K, 44% used [0x00000000a0000000,0x00000000a4076a60,0x00000000a9100000)
 Metaspace       used 90510K, capacity 93810K, committed 94168K, reserved 1132544K
  class space    used 11037K, capacity 11569K, committed 11736K, reserved 1048576K
Event: 4237.250 GC heap after
Heap after GC invocations=43 (full 7):
 PSYoungGen      total 484864K, used 9895K [0x00000000e0000000, 0x00000000ffd80000, 0x0000000100000000)
  eden space 450048K, 0% used [0x00000000e0000000,0x00000000e0000000,0x00000000fb780000)
  from space 34816K, 28% used [0x00000000fdb80000,0x00000000fe529e30,0x00000000ffd80000)
  to   space 35840K, 0% used [0x00000000fb780000,0x00000000fb780000,0x00000000fda80000)
 ParOldGen       total 148480K, used 66418K [0x00000000a0000000, 0x00000000a9100000, 0x00000000e0000000)
  object space 148480K, 44% used [0x00000000a0000000,0x00000000a40dca60,0x00000000a9100000)
 Metaspace       used 90510K, capacity 93810K, committed 94168K, reserved 1132544K
  class space    used 11037K, capacity 11569K, committed 11736K, reserved 1048576K
}

Deoptimization events (10 events):
Event: 4235.610 Thread 0x000000005b40f800 Uncommon trap: reason=unstable_if action=reinterpret pc=0x0000000005645574 method=java.lang.StringCoding$StringDecoder.decode([BII)[C @ 33
Event: 4235.610 Thread 0x000000005b40f800 Uncommon trap: reason=unstable_if action=reinterpret pc=0x000000000564704c method=java.lang.StringCoding$StringDecoder.decode([BII)[C @ 33
Event: 4235.611 Thread 0x000000005b40f800 Uncommon trap: reason=unstable_if action=reinterpret pc=0x0000000002b6db88 method=java.lang.StringCoding$StringDecoder.decode([BII)[C @ 33
Event: 4235.611 Thread 0x000000005b40f800 Uncommon trap: reason=unstable_if action=reinterpret pc=0x00000000028e7b5c method=java.nio.charset.CharsetDecoder.decode(Ljava/nio/ByteBuffer;Ljava/nio/CharBuffer;Z)Ljava/nio/charset/CoderResult; @ 116
Event: 4235.729 Thread 0x000000005b40f800 Uncommon trap: reason=class_check action=maybe_recompile pc=0x00000000043d8f30 method=com.sun.org.apache.xerces.internal.dom.ElementNSImpl.getLocalName()Ljava/lang/String; @ 8
Event: 4235.762 Thread 0x000000005b40f800 Uncommon trap: reason=unstable_if action=reinterpret pc=0x00000000031426a0 method=com.sun.org.apache.xerces.internal.dom.ParentNode.nodeListGetLength()I @ 60
Event: 4235.784 Thread 0x000000005b40f800 Uncommon trap: reason=unstable_if action=reinterpret pc=0x0000000003139560 method=com.sun.org.apache.xerces.internal.dom.ParentNode.nodeListGetLength()I @ 60
Event: 4236.106 Thread 0x000000005b40f800 Uncommon trap: reason=unloaded action=reinterpret pc=0x000000000462ed78 method=java.lang.CharacterData.of(I)Ljava/lang/CharacterData; @ 116
Event: 4236.534 Thread 0x000000005b40f800 Uncommon trap: reason=unstable_if action=reinterpret pc=0x000000000350e154 method=java.lang.Character.isHighSurrogate(C)Z @ 3
Event: 4236.540 Thread 0x000000005b40f800 Uncommon trap: reason=unstable_if action=reinterpret pc=0x000000000339b690 method=java.lang.Character.isHighSurrogate(C)Z @ 3

Internal exceptions (10 events):
Event: 4235.482 Thread 0x000000005b40f800 Exception <a 'java/lang/ClassNotFoundException': org/codehaus/groovy/ast/stmt/BlockStatementCustomizer> (0x00000000eed1a0b8) thrown at [D:\re\workspace\8-2-build-windows-amd64-cygwin\jdk8u77\6540\hotspot\src\share\vm\classfile\systemDictionary.cpp, line 216Î²à|‹°@
Event: 4235.488 Thread 0x000000005b40f800 Exception <a 'java/lang/ClassNotFoundException': java/util/LinkedListBeanInfo> (0x00000000eed82aa8) thrown at [D:\re\workspace\8-2-build-windows-amd64-cygwin\jdk8u77\6540\hotspot\src\share\vm\classfile\systemDictionary.cpp, line 210]
Event: 4235.488 Thread 0x000000005b40f800 Exception <a 'java/lang/ClassNotFoundException': java/util/AbstractSequentialListBeanInfo> (0x00000000eed8b940) thrown at [D:\re\workspace\8-2-build-windows-amd64-cygwin\jdk8u77\6540\hotspot\src\share\vm\classfile\systemDictionary.cpp, line 210]
Event: 4235.489 Thread 0x000000005b40f800 Exception <a 'java/lang/ClassNotFoundException': java/util/AbstractSequentialListCustomizer> (0x00000000eed94a08) thrown at [D:\re\workspace\8-2-build-windows-amd64-cygwin\jdk8u77\6540\hotspot\src\share\vm\classfile\systemDictionary.cpp, line 210]
Event: 4235.503 Thread 0x000000005b40f800 Exception <a 'java/lang/ClassNotFoundException': java/util/LinkedListCustomizer> (0x00000000eedc3060) thrown at [D:\re\workspace\8-2-build-windows-amd64-cygwin\jdk8u77\6540\hotspot\src\share\vm\classfile\systemDictionary.cpp, line 210]
Event: 4235.509 Thread 0x000000005b40f800 Exception <a 'java/lang/ClassNotFoundException': org/codehaus/groovy/ast/ClassNodeBeanInfo> (0x00000000eee480e0) thrown at [D:\re\workspace\8-2-build-windows-amd64-cygwin\jdk8u77\6540\hotspot\src\share\vm\classfile\systemDictionary.cpp, line 210]
Event: 4235.510 Thread 0x000000005b40f800 Exception <a 'java/lang/ClassNotFoundException': org/codehaus/groovy/ast/AnnotatedNodeBeanInfo> (0x00000000eee6def0) thrown at [D:\re\workspace\8-2-build-windows-amd64-cygwin\jdk8u77\6540\hotspot\src\share\vm\classfile\systemDictionary.cpp, line 210]
Event: 4235.511 Thread 0x000000005b40f800 Exception <a 'java/lang/ClassNotFoundException': org/codehaus/groovy/ast/AnnotatedNodeCustomizer> (0x00000000eee946c0) thrown at [D:\re\workspace\8-2-build-windows-amd64-cygwin\jdk8u77\6540\hotspot\src\share\vm\classfile\systemDictionary.cpp, line 210]
Event: 4235.513 Thread 0x000000005b40f800 Exception <a 'java/lang/ClassNotFoundException': org/codehaus/groovy/ast/ClassNodeCustomizer> (0x00000000eeec8b20) thrown at [D:\re\workspace\8-2-build-windows-amd64-cygwin\jdk8u77\6540\hotspot\src\share\vm\classfile\systemDictionary.cpp, line 210]
Event: 4235.547 Thread 0x000000005b40f800 Exception <a 'sun/nio/fs/WindowsException'> (0x00000000eefa7e40) thrown at [D:\re\workspace\8-2-build-windows-amd64-cygwin\jdk8u77\6540\hotspot\src\share\vm\prims\jni.cpp, line 709]

Events (10 events):
Event: 4237.646 loading class javax/imageio/plugins/jpeg/JPEGHuffmanTable
Event: 4237.647 loading class javax/imageio/plugins/jpeg/JPEGHuffmanTable done
Event: 4237.651 loading class com/sun/imageio/plugins/jpeg/JPEGImageReader$CallBackLock
Event: 4237.651 loading class com/sun/imageio/plugins/jpeg/JPEGImageReader$CallBackLock done
Event: 4237.651 loading class com/sun/imageio/plugins/jpeg/JPEGImageReader$CallBackLock$State
Event: 4237.651 loading class com/sun/imageio/plugins/jpeg/JPEGImageReader$CallBackLock$State done
Event: 4237.654 loading class com/sun/imageio/plugins/jpeg/JPEGImageReader$JPEGReaderDisposerRecord
Event: 4237.654 loading class com/sun/imageio/plugins/jpeg/JPEGImageReader$JPEGReaderDisposerRecord done
Event: 4237.677 loading class com/sun/imageio/plugins/png/PNGImageReader
Event: 4237.679 loading class com/sun/imageio/plugins/png/PNGImageReader done


Dynamic libraries:
0x000000013f400000 - 0x000000013f437000 	D:\Program Files\Java\jdk1.8.0_77\bin\java.exe
0x00000000779a0000 - 0x0000000077b4a000 	C:\Windows\SYSTEM32\ntdll.dll
0x0000000077880000 - 0x000000007799f000 	C:\Windows\system32\kernel32.dll
0x000007fefd770000 - 0x000007fefd7da000 	C:\Windows\system32\KERNELBASE.dll
0x000007fefe7d0000 - 0x000007fefe8ab000 	C:\Windows\system32\ADVAPI32.dll
0x000007fefe980000 - 0x000007fefea1f000 	C:\Windows\system32\msvcrt.dll
0x000007fefdcc0000 - 0x000007fefdcdf000 	C:\Windows\SYSTEM32\sechost.dll
0x000007feffae0000 - 0x000007feffc0d000 	C:\Windows\system32\RPCRT4.dll
0x0000000077640000 - 0x000000007773a000 	C:\Windows\system32\USER32.dll
0x000007fefece0000 - 0x000007fefed47000 	C:\Windows\system32\GDI32.dll
0x000007fefddc0000 - 0x000007fefddce000 	C:\Windows\system32\LPK.dll
0x000007fefeb40000 - 0x000007fefec0b000 	C:\Windows\system32\USP10.dll
0x000007fefc0b0000 - 0x000007fefc2a4000 	C:\Windows\WinSxS\amd64_microsoft.windows.common-controls_6595b64144ccf1df_6.0.7601.18837_none_fa3b1e3d17594757\COMCTL32.dll
0x000007fefdce0000 - 0x000007fefdd51000 	C:\Windows\system32\SHLWAPI.dll
0x000007fefe8b0000 - 0x000007fefe8de000 	C:\Windows\system32\IMM32.DLL
0x000007fefe040000 - 0x000007fefe149000 	C:\Windows\system32\MSCTF.dll
0x000007fefd640000 - 0x000007fefd671000 	C:\Windows\system32\nvinitx.dll
0x000007fefd630000 - 0x000007fefd63c000 	C:\Windows\system32\VERSION.dll
0x0000000074d10000 - 0x0000000074d16000 	C:\Program Files\NVIDIA Corporation\CoProcManager\detoured.dll
0x000007fefac40000 - 0x000007fefac71000 	C:\Program Files\NVIDIA Corporation\CoProcManager\nvd3d9wrapx.dll
0x000007fefe150000 - 0x000007fefe327000 	C:\Windows\system32\SETUPAPI.dll
0x000007fefdab0000 - 0x000007fefdae6000 	C:\Windows\system32\CFGMGR32.dll
0x000007fefe6f0000 - 0x000007fefe7ca000 	C:\Windows\system32\OLEAUT32.dll
0x000007fefe330000 - 0x000007fefe52c000 	C:\Windows\system32\ole32.dll
0x000007fefd9f0000 - 0x000007fefda0a000 	C:\Windows\system32\DEVOBJ.dll
0x000007fefab60000 - 0x000007fefab82000 	C:\Program Files\NVIDIA Corporation\CoProcManager\nvdxgiwrapx.dll
0x0000000074f20000 - 0x0000000074ff2000 	D:\Program Files\Java\jdk1.8.0_77\jre\bin\msvcr100.dll
0x000000005d010000 - 0x000000005d8a0000 	D:\Program Files\Java\jdk1.8.0_77\jre\bin\server\jvm.dll
0x000007fef7b60000 - 0x000007fef7b69000 	C:\Windows\system32\WSOCK32.dll
0x000007fefec90000 - 0x000007fefecdd000 	C:\Windows\system32\WS2_32.dll
0x000007fefe030000 - 0x000007fefe038000 	C:\Windows\system32\NSI.dll
0x0000000002350000 - 0x000000000238b000 	C:\Windows\system32\WINMM.dll
0x0000000077b70000 - 0x0000000077b77000 	C:\Windows\system32\PSAPI.DLL
0x0000000075030000 - 0x000000007503f000 	D:\Program Files\Java\jdk1.8.0_77\jre\bin\verify.dll
0x0000000074ef0000 - 0x0000000074f19000 	D:\Program Files\Java\jdk1.8.0_77\jre\bin\java.dll
0x0000000074ed0000 - 0x0000000074ee6000 	D:\Program Files\Java\jdk1.8.0_77\jre\bin\zip.dll
0x000007fefed50000 - 0x000007feffada000 	C:\Windows\system32\SHELL32.dll
0x000007fefd680000 - 0x000007fefd68f000 	C:\Windows\system32\profapi.dll
0x0000000074620000 - 0x000000007463a000 	D:\Program Files\Java\jdk1.8.0_77\jre\bin\net.dll
0x000007fefce60000 - 0x000007fefceb5000 	C:\Windows\system32\mswsock.dll
0x000007fefce50000 - 0x000007fefce57000 	C:\Windows\System32\wship6.dll
0x0000000074600000 - 0x0000000074611000 	D:\Program Files\Java\jdk1.8.0_77\jre\bin\nio.dll
0x000007feedf40000 - 0x000007feedf5e000 	C:\Users\zy\.gradle\native\23\windows-amd64\native-platform.dll
0x000007fefcec0000 - 0x000007fefced8000 	C:\Windows\system32\CRYPTSP.dll
0x000007fefcbb0000 - 0x000007fefcbf7000 	C:\Windows\system32\rsaenh.dll
0x000007fefc930000 - 0x000007fefc94e000 	C:\Windows\system32\USERENV.dll
0x000007fefd560000 - 0x000007fefd56f000 	C:\Windows\system32\CRYPTBASE.dll
0x000007fefa150000 - 0x000007fefa177000 	C:\Windows\system32\IPHLPAPI.DLL
0x000007fefa130000 - 0x000007fefa13b000 	C:\Windows\system32\WINNSI.DLL
0x000007fef9f40000 - 0x000007fef9f58000 	C:\Windows\system32\dhcpcsvc.DLL
0x000007fef9f20000 - 0x000007fef9f31000 	C:\Windows\system32\dhcpcsvc6.DLL
0x0000000075020000 - 0x000000007502d000 	D:\Program Files\Java\jdk1.8.0_77\jre\bin\management.dll
0x000007fefd500000 - 0x000007fefd557000 	C:\Windows\system32\apphelp.dll
0x0000000064b30000 - 0x0000000064cc8000 	D:\Program Files\Java\jdk1.8.0_77\jre\bin\awt.dll
0x000007fefda10000 - 0x000007fefda28000 	C:\Windows\system32\DWMAPI.DLL
0x00000000630a0000 - 0x00000000630ca000 	D:\Program Files\Java\jdk1.8.0_77\jre\bin\dcpr.dll
0x0000000012040000 - 0x0000000012064000 	D:\Program Files\Java\jdk1.8.0_77\jre\bin\sunec.dll
0x0000000000020000 - 0x000000000002b000 	D:\Program Files\Java\jdk1.8.0_77\jre\bin\sunmscapi.dll
0x000007fefd7e0000 - 0x000007fefd94d000 	C:\Windows\system32\CRYPT32.dll
0x000007fefd720000 - 0x000007fefd72f000 	C:\Windows\system32\MSASN1.dll
0x00000000121a0000 - 0x00000000121d1000 	D:\Program Files\Java\jdk1.8.0_77\jre\bin\jpeg.dll
0x000007feebf40000 - 0x000007feec065000 	C:\Windows\system32\dbghelp.dll

VM Arguments:
jvm_args: -Xmx1536m -Dfile.encoding=GBK -Duser.country=CN -Duser.language=zh -Duser.variant 
java_command: org.gradle.launcher.daemon.bootstrap.GradleDaemon 3.3
java_class_path (initial): C:\Users\zy\.gradle\wrapper\dists\gradle-3.3-all\55gk2rcmfc6p2dg9u9ohc3hw9\gradle-3.3\lib\gradle-launcher-3.3.jar
Launcher Type: SUN_STANDARD

Environment Variables:
JAVA_HOME=D:\Program Files\Java\jdk1.7.0_76
CLASSPATH=.;D:\Program Files\Java\jdk1.7.0_76\lib;D:\PROGRA~2\IBM\SQLLIB\java\db2java.zip;D:\PROGRA~2\IBM\SQLLIB\java\db2jcc.jar;D:\PROGRA~2\IBM\SQLLIB\java\sqlj.zip;D:\PROGRA~2\IBM\SQLLIB\java\db2jcc_license_cu.jar;D:\PROGRA~2\IBM\SQLLIB\bin;D:\PROGRA~2\IBM\SQLLIB\java\common.jar
USERNAME=zy
OS=Windows_NT
PROCESSOR_IDENTIFIER=Intel64 Family 6 Model 69 Stepping 1, GenuineIntel



---------------  S Y S T E M  ---------------

OS: Windows 7 , 64 bit Build 7601 (6.1.7601.23889)

CPU:total 4 (2 cores per cpu, 2 threads per core) family 6 model 69 stepping 1, cmov, cx8, fxsr, mmx, sse, sse2, sse3, ssse3, sse4.1, sse4.2, popcnt, avx, avx2, clmul, erms, lzcnt, ht, tsc, tscinvbit, bmi1, bmi2

Memory: 4k page, physical 8085132k(952560k free), swap 16168404k(6727268k free)

vm_info: Java HotSpot(TM) 64-Bit Server VM (25.77-b03) for windows-amd64 JRE (1.8.0_77-b03), built on Mar 20 2016 22:01:33 by "java_re" with MS VC++ 10.0 (VS2010)

time: Fri Sep 29 10:13:20 2017
elapsed time: 4237 seconds (0d 1h 10m 37s)

